<?xml version="1.0" encoding="UTF-8"?>
<!-- Generated by org.testng.reporters.JUnitReportReporter -->
<testsuite hostname="DESKTOP-4RF4A9B" failures="0" tests="3" name="basicsInAPI.DynamicJson" time="8.981" errors="0" timestamp="2021-06-24T19:45:55 IST" skipped="0">
  <testcase classname="basicsInAPI.DynamicJson" name="addBook" time="0.574"/>
  <system-out/>
  <testcase classname="basicsInAPI.DynamicJson" name="addBook" time="7.877"/>
  <system-out/>
  <testcase classname="basicsInAPI.DynamicJson" name="addBook" time="0.530"/>
  <system-out/>
</testsuite> <!-- basicsInAPI.DynamicJson -->
